<?xml version="1.0" encoding="UTF-8"?>
<!-- Generated by org.testng.reporters.JUnitReportReporter -->
<testsuite hostname="DESKTOP-VBASL1F" failures="0" tests="2" name="EXtentReport.Cross_Browser" time="108.829" errors="0" timestamp="2023-06-20T18:55:20 IST" skipped="0">
  <testcase classname="EXtentReport.Cross_Browser" name="testAddition" time="55.965"/>
  <system-out/>
  <testcase classname="EXtentReport.Cross_Browser" name="testSubtraction" time="52.864"/>
  <system-out/>
</testsuite> <!-- EXtentReport.Cross_Browser -->
